[debug] [2020-02-07T10:19:02.309Z] ----------------------------------------------------------------------
[debug] [2020-02-07T10:19:02.311Z] Command:       /home/natasha/.nvm/versions/node/v12.14.1/bin/node /home/natasha/.nvm/versions/node/v12.14.1/bin/firebase emulators:start
[debug] [2020-02-07T10:19:02.311Z] CLI Version:   7.12.1
[debug] [2020-02-07T10:19:02.311Z] Platform:      linux
[debug] [2020-02-07T10:19:02.311Z] Node Version:  v12.14.1
[debug] [2020-02-07T10:19:02.312Z] Time:          Fri Feb 07 2020 12:19:02 GMT+0200 (South Africa Standard Time)
[debug] [2020-02-07T10:19:02.312Z] ----------------------------------------------------------------------
[debug] [2020-02-07T10:19:02.312Z] 
[debug] [2020-02-07T10:19:02.316Z] > command requires scopes: ["email","openid","https://www.googleapis.com/auth/cloudplatformprojects.readonly","https://www.googleapis.com/auth/firebase","https://www.googleapis.com/auth/cloud-platform"]
[debug] [2020-02-07T10:19:02.317Z] > authorizing via signed-in user
[info] i  emulators: Starting emulators: firestore, hosting
[info] i  firestore: Serving ALL traffic (including WebChannel) on http://localhost:8080
[warn] ⚠  firestore: Support for WebChannel on a separate port (8081) is DEPRECATED and will go away soon. Please use port above instead.
[debug] [2020-02-07T10:19:02.351Z] Ignoring unsupported arg: projectId
[debug] [2020-02-07T10:19:02.351Z] Ignoring unsupported arg: auto_download
[debug] [2020-02-07T10:19:02.351Z] Starting emulator firestore with command {"binary":"java","args":["-Duser.language=en","-jar","/home/natasha/.cache/firebase/emulators/cloud-firestore-emulator-v1.10.2.jar","--host","localhost","--port",8080,"--rules","/home/natasha/dev/draperweb2/firestore.rules","--webchannel_port",8081],"optionalArgs":["port","webchannel_port","host","rules","functions_emulator"],"joinArgs":false}
[info] i  firestore: Emulator logging to firestore-debug.log
[debug] [2020-02-07T10:19:03.875Z] API endpoint: http://localhost
[debug] [2020-02-07T10:19:03.876Z] :8080
If you are using a library that supports the FIRESTORE_EMULATOR_HOST environment variable, run:

   export FIRESTORE_EMULATOR_HOST=localhost:8080

Dev App Server is now running.


[info] ✔  firestore: Emulator started at http://localhost:8080
[info] i  firestore: For testing set FIRESTORE_EMULATOR_HOST=localhost:8080
[debug] [2020-02-07T10:19:03.883Z] >>> HTTP REQUEST GET https://firebase.googleapis.com/v1beta1/projects/draperweb/webApps/-/config  
 
[debug] [2020-02-07T10:19:05.409Z] <<< HTTP RESPONSE 200
[info] i  hosting: Serving hosting files from: dist/draperweb2
[info] ✔  hosting: Local server: http://localhost:5000
[info] ✔  hosting: Emulator started at http://localhost:5000
[info] ✔  All emulators started, it is now safe to connect.
[debug] [2020-02-07T11:08:46.168Z] ----------------------------------------------------------------------
[debug] [2020-02-07T11:08:46.170Z] Command:       /home/natasha/.nvm/versions/node/v12.14.1/bin/node /home/natasha/.nvm/versions/node/v12.14.1/bin/firebase emulators:start
[debug] [2020-02-07T11:08:46.170Z] CLI Version:   7.12.1
[debug] [2020-02-07T11:08:46.170Z] Platform:      linux
[debug] [2020-02-07T11:08:46.170Z] Node Version:  v12.14.1
[debug] [2020-02-07T11:08:46.260Z] Time:          Fri Feb 07 2020 13:08:46 GMT+0200 (South Africa Standard Time)
[debug] [2020-02-07T11:08:46.260Z] ----------------------------------------------------------------------
[debug] [2020-02-07T11:08:46.260Z] 
[debug] [2020-02-07T11:08:46.275Z] > command requires scopes: ["email","openid","https://www.googleapis.com/auth/cloudplatformprojects.readonly","https://www.googleapis.com/auth/firebase","https://www.googleapis.com/auth/cloud-platform"]
[debug] [2020-02-07T11:08:46.275Z] > authorizing via signed-in user
[info] i  emulators: Starting emulators: firestore, hosting
[info] i  firestore: Serving ALL traffic (including WebChannel) on http://localhost:8080
[warn] ⚠  firestore: Support for WebChannel on a separate port (8081) is DEPRECATED and will go away soon. Please use port above instead.
[debug] [2020-02-07T11:08:46.349Z] Ignoring unsupported arg: projectId
[debug] [2020-02-07T11:08:46.349Z] Ignoring unsupported arg: auto_download
[debug] [2020-02-07T11:08:46.349Z] Starting emulator firestore with command {"binary":"java","args":["-Duser.language=en","-jar","/home/natasha/.cache/firebase/emulators/cloud-firestore-emulator-v1.10.2.jar","--host","localhost","--port",8080,"--rules","/home/natasha/dev/draperweb2/firestore.rules","--webchannel_port",8081],"optionalArgs":["port","webchannel_port","host","rules","functions_emulator"],"joinArgs":false}
[info] i  firestore: Emulator logging to firestore-debug.log
[debug] [2020-02-07T11:08:48.599Z] API endpoint: http://localhost:
[debug] [2020-02-07T11:08:48.600Z] 8080
If you are using a library that supports the FIRESTORE_EMULATOR_HOST environment variable, run:

   export FIRESTORE_EMULATOR_HOST=localhost:8080

Dev App Server is now running.


[info] ✔  firestore: Emulator started at http://localhost:8080
[info] i  firestore: For testing set FIRESTORE_EMULATOR_HOST=localhost:8080
[debug] [2020-02-07T11:08:48.639Z] > refreshing access token with scopes: ["email","https://www.googleapis.com/auth/cloud-platform","https://www.googleapis.com/auth/cloudplatformprojects.readonly","https://www.googleapis.com/auth/firebase","openid"]
[debug] [2020-02-07T11:08:48.639Z] >>> HTTP REQUEST POST https://www.googleapis.com/oauth2/v3/token  
 <request body omitted>
[debug] [2020-02-07T11:08:49.720Z] <<< HTTP RESPONSE 200
[debug] [2020-02-07T11:08:49.735Z] >>> HTTP REQUEST GET https://firebase.googleapis.com/v1beta1/projects/draperweb/webApps/-/config  
 
[debug] [2020-02-07T11:08:51.089Z] <<< HTTP RESPONSE 200
[info] i  hosting: Serving hosting files from: dist/draperweb2
[info] ✔  hosting: Local server: http://localhost:5000
[info] ✔  hosting: Emulator started at http://localhost:5000
[info] ✔  All emulators started, it is now safe to connect.
